weather4DecisionHN/build/outputs/logs/manifest-merger-release-report.txt
-- Merging decision tree log ---
permission#com.pmsc.weather4decision.phone.hainan.permission.MIPUSH_RECEIVE
INJECTED from src/main/AndroidManifest.xml:59:5-61:55
	android:protectionLevel
		ADDED from src/main/AndroidManifest.xml:61:9-52
	android:name
		INJECTED from src/main/AndroidManifest.xml
		ADDED from src/main/AndroidManifest.xml:60:9-66
uses-permission#com.pmsc.weather4decision.phone.hainan.permission.MIPUSH_RECEIVE
INJECTED from src/main/AndroidManifest.xml:68:5-82
	android:name
		INJECTED from src/main/AndroidManifest.xml
		ADDED from src/main/AndroidManifest.xml:68:22-79
permission#com.pmsc.weather4decision.phone.hainan.push.permission.MESSAGE
INJECTED from src/main/AndroidManifest.xml:72:5-74:43
	android:protectionLevel
		ADDED from src/main/AndroidManifest.xml:74:5-40
	android:name
		INJECTED from src/main/AndroidManifest.xml
		ADDED from src/main/AndroidManifest.xml:73:5-60
permission#com.pmsc.weather4decision.phone.hainan.permission.C2D_MESSAGE
INJECTED from src/main/AndroidManifest.xml:75:5-77:47
	android:protectionLevel
		ADDED from src/main/AndroidManifest.xml:77:9-44
	android:name
		INJECTED from src/main/AndroidManifest.xml
		ADDED from src/main/AndroidManifest.xml:76:9-63
uses-permission#com.pmsc.weather4decision.phone.hainan.push.permission.MESSAGE
INJECTED from src/main/AndroidManifest.xml:81:5-80
	android:name
		INJECTED from src/main/AndroidManifest.xml
		ADDED from src/main/AndroidManifest.xml:81:22-77
uses-permission#com.pmsc.weather4decision.phone.hainan.permission.C2D_MESSAGE
INJECTED from src/main/AndroidManifest.xml:82:5-79
	android:name
		INJECTED from src/main/AndroidManifest.xml
		ADDED from src/main/AndroidManifest.xml:82:22-76
provider#android.support.v4.content.FileProvider
INJECTED from src/main/AndroidManifest.xml:112:9-120:20
	android:grantUriPermissions
		ADDED from src/main/AndroidManifest.xml:116:13-47
	android:authorities
		INJECTED from src/main/AndroidManifest.xml
		ADDED from src/main/AndroidManifest.xml:114:13-64
	android:exported
		ADDED from src/main/AndroidManifest.xml:115:13-37
	android:name
		ADDED from src/main/AndroidManifest.xml:113:13-67
meta-data#PUSH_APPID
INJECTED from src/main/AndroidManifest.xml:253:9-255:47
	android:value
		INJECTED from src/main/AndroidManifest.xml
		ADDED from src/main/AndroidManifest.xml:255:13-44
	android:name
		ADDED from src/main/AndroidManifest.xml:254:13-38
meta-data#PUSH_APPKEY
INJECTED from src/main/AndroidManifest.xml:256:9-258:48
	android:value
		INJECTED from src/main/AndroidManifest.xml
		ADDED from src/main/AndroidManifest.xml:258:13-45
	android:name
		ADDED from src/main/AndroidManifest.xml:257:13-39
meta-data#PUSH_APPSECRET
INJECTED from src/main/AndroidManifest.xml:259:9-261:51
	android:value
		INJECTED from src/main/AndroidManifest.xml
		ADDED from src/main/AndroidManifest.xml:261:13-48
	android:name
		ADDED from src/main/AndroidManifest.xml:260:13-42
meta-data#com.huawei.hms.client.appid
INJECTED from src/main/AndroidManifest.xml:317:9-319:48
	android:value
		INJECTED from src/main/AndroidManifest.xml
		ADDED from src/main/AndroidManifest.xml:319:13-45
	android:name
		ADDED from src/main/AndroidManifest.xml:318:13-55
meta-data#MIPUSH_APPID
INJECTED from src/main/AndroidManifest.xml:343:9-345:51
	android:value
		INJECTED from src/main/AndroidManifest.xml
		ADDED from src/main/AndroidManifest.xml:345:13-48
	android:name
		ADDED from src/main/AndroidManifest.xml:344:13-40
meta-data#MIPUSH_APPKEY
INJECTED from src/main/AndroidManifest.xml:346:9-348:52
	android:value
		INJECTED from src/main/AndroidManifest.xml
		ADDED from src/main/AndroidManifest.xml:348:13-49
	android:name
		ADDED from src/main/AndroidManifest.xml:347:13-41
meta-data#MEIZUPUSH_APPID
INJECTED from src/main/AndroidManifest.xml:374:9-376:50
	android:value
		INJECTED from src/main/AndroidManifest.xml
		ADDED from src/main/AndroidManifest.xml:376:13-47
	android:name
		ADDED from src/main/AndroidManifest.xml:375:13-43
meta-data#MEIZUPUSH_APPKEY
INJECTED from src/main/AndroidManifest.xml:377:9-379:51
	android:value
		INJECTED from src/main/AndroidManifest.xml
		ADDED from src/main/AndroidManifest.xml:379:13-48
	android:name
		ADDED from src/main/AndroidManifest.xml:378:13-44
category#com.pmsc.weather4decision.phone.hainan
INJECTED from src/main/AndroidManifest.xml:401:17-61
	android:name
		INJECTED from src/main/AndroidManifest.xml
		ADDED from src/main/AndroidManifest.xml:401:27-58
manifest
ADDED from src/main/AndroidManifest.xml:2:1-407:12
INJECTED from src/main/AndroidManifest.xml:2:1-407:12
INJECTED from src/main/AndroidManifest.xml:2:1-407:12
INJECTED from src/main/AndroidManifest.xml:2:1-407:12
MERGED from [com.android.support:appcompat-v7:28.0.0] AndroidManifest.xml:17:1-22:12
MERGED from [:android-pdf-viewer] AndroidManifest.xml:2:1-5:12
MERGED from [com.github.barteksc:pdfium-android:1.5.0] AndroidManifest.xml:2:1-11:12
MERGED from [com.android.support:support-v4:28.0.0] AndroidManifest.xml:17:1-22:12
MERGED from [com.android.support:support-fragment:28.0.0] AndroidManifest.xml:17:1-22:12
MERGED from [com.android.support:animated-vector-drawable:28.0.0] AndroidManifest.xml:17:1-22:12
MERGED from [com.android.support:support-core-ui:28.0.0] AndroidManifest.xml:17:1-22:12
MERGED from [com.android.support:support-core-utils:28.0.0] AndroidManifest.xml:17:1-22:12
MERGED from [com.android.support:support-vector-drawable:28.0.0] AndroidManifest.xml:17:1-22:12
MERGED from [com.android.support:loader:28.0.0] AndroidManifest.xml:17:1-22:12
MERGED from [com.android.support:viewpager:28.0.0] AndroidManifest.xml:17:1-22:12
MERGED from [com.android.support:coordinatorlayout:28.0.0] AndroidManifest.xml:17:1-22:12
MERGED from [com.android.support:drawerlayout:28.0.0] AndroidManifest.xml:17:1-22:12
MERGED from [com.android.support:slidingpanelayout:28.0.0] AndroidManifest.xml:17:1-22:12
MERGED from [com.android.support:customview:28.0.0] AndroidManifest.xml:17:1-22:12
MERGED from [com.android.support:swiperefreshlayout:28.0.0] AndroidManifest.xml:17:1-22:12
MERGED from [com.android.support:asynclayoutinflater:28.0.0] AndroidManifest.xml:17:1-22:12
MERGED from [com.android.support:support-media-compat:28.0.0] AndroidManifest.xml:17:1-22:12
MERGED from [com.android.support:support-compat:28.0.0] AndroidManifest.xml:17:1-24:12
MERGED from [com.android.support:versionedparcelable:28.0.0] AndroidManifest.xml:17:1-25:12
MERGED from [com.android.support:cursoradapter:28.0.0] AndroidManifest.xml:17:1-22:12
MERGED from [android.arch.lifecycle:runtime:1.1.1] AndroidManifest.xml:17:1-22:12
MERGED from [com.android.support:documentfile:28.0.0] AndroidManifest.xml:17:1-22:12
MERGED from [com.android.support:localbroadcastmanager:28.0.0] AndroidManifest.xml:17:1-22:12
MERGED from [com.android.support:print:28.0.0] AndroidManifest.xml:17:1-22:12
MERGED from [android.arch.lifecycle:viewmodel:1.1.1] AndroidManifest.xml:17:1-22:12
MERGED from [com.android.support:interpolator:28.0.0] AndroidManifest.xml:17:1-22:12
MERGED from [android.arch.lifecycle:livedata:1.1.1] AndroidManifest.xml:17:1-22:12
MERGED from [android.arch.lifecycle:livedata-core:1.1.1] AndroidManifest.xml:17:1-22:12
MERGED from [android.arch.core:runtime:1.1.1] AndroidManifest.xml:17:1-22:12
INJECTED from src/main/AndroidManifest.xml:2:1-407:12
INJECTED from src/main/AndroidManifest.xml:2:1-407:12
INJECTED from src/main/AndroidManifest.xml:2:1-407:12
	package
		ADDED from src/main/AndroidManifest.xml:3:5-53
		INJECTED from src/main/AndroidManifest.xml
		INJECTED from src/main/AndroidManifest.xml
	android:versionName
		INJECTED from src/main/AndroidManifest.xml
		ADDED from src/main/AndroidManifest.xml:2:1-407:12
		INJECTED from src/main/AndroidManifest.xml
	android:versionCode
		INJECTED from src/main/AndroidManifest.xml
		ADDED from src/main/AndroidManifest.xml:2:1-407:12
		INJECTED from src/main/AndroidManifest.xml
	xmlns:android
		ADDED from src/main/AndroidManifest.xml:2:11-69
uses-permission#android.permission.INTERNET
ADDED from src/main/AndroidManifest.xml:5:5-67
	android:name
		ADDED from src/main/AndroidManifest.xml:5:22-64
uses-permission#android.permission.WRITE_EXTERNAL_STORAGE
ADDED from src/main/AndroidManifest.xml:6:5-81
	android:name
		ADDED from src/main/AndroidManifest.xml:6:22-78
uses-permission#android.permission.ACCESS_COARSE_LOCATION
ADDED from src/main/AndroidManifest.xml:7:5-81
	android:name
		ADDED from src/main/AndroidManifest.xml:7:22-78
uses-permission#android.permission.ACCESS_NETWORK_STATE
ADDED from src/main/AndroidManifest.xml:8:5-79
	android:name
		ADDED from src/main/AndroidManifest.xml:8:22-76
uses-permission#android.permission.ACCESS_FINE_LOCATION
ADDED from src/main/AndroidManifest.xml:9:5-79
	android:name
		ADDED from src/main/AndroidManifest.xml:9:22-76
uses-permission#android.permission.READ_PHONE_STATE
ADDED from src/main/AndroidManifest.xml:10:5-75
	android:name
		ADDED from src/main/AndroidManifest.xml:10:22-72
uses-permission#android.permission.CHANGE_WIFI_STATE
ADDED from src/main/AndroidManifest.xml:11:5-76
	android:name
		ADDED from src/main/AndroidManifest.xml:11:22-73
uses-permission#android.permission.ACCESS_WIFI_STATE
ADDED from src/main/AndroidManifest.xml:12:5-76
	android:name
		ADDED from src/main/AndroidManifest.xml:12:22-73
uses-permission#android.permission.CHANGE_CONFIGURATION
ADDED from src/main/AndroidManifest.xml:13:5-79
	android:name
		ADDED from src/main/AndroidManifest.xml:13:22-76
uses-permission#android.permission.WAKE_LOCK
ADDED from src/main/AndroidManifest.xml:14:5-68
	android:name
		ADDED from src/main/AndroidManifest.xml:14:22-65
uses-permission#android.permission.WRITE_SETTINGS
ADDED from src/main/AndroidManifest.xml:15:5-73
	android:name
		ADDED from src/main/AndroidManifest.xml:15:22-70
uses-permission#android.permission.VIBRATE
ADDED from src/main/AndroidManifest.xml:16:5-66
	android:name
		ADDED from src/main/AndroidManifest.xml:16:22-63
uses-permission#android.permission.CAMERA
ADDED from src/main/AndroidManifest.xml:17:5-65
	android:name
		ADDED from src/main/AndroidManifest.xml:17:22-62
uses-feature#android.hardware.camera
ADDED from src/main/AndroidManifest.xml:18:5-60
	android:name
		ADDED from src/main/AndroidManifest.xml:18:19-57
uses-feature#android.hardware.camera.autofocus
ADDED from src/main/AndroidManifest.xml:19:5-70
	android:name
		ADDED from src/main/AndroidManifest.xml:19:19-67
uses-permission#android.permission.REQUEST_INSTALL_PACKAGES
ADDED from src/main/AndroidManifest.xml:21:5-83
	android:name
		ADDED from src/main/AndroidManifest.xml:21:22-80
uses-permission#android.permission.READ_EXTERNAL_STORAGE
ADDED from src/main/AndroidManifest.xml:24:5-80
	android:name
		ADDED from src/main/AndroidManifest.xml:24:22-77
uses-permission#android.permission.READ_LOGS
ADDED from src/main/AndroidManifest.xml:25:5-68
	android:name
		ADDED from src/main/AndroidManifest.xml:25:22-65
uses-permission#android.permission.CALL_PHONE
ADDED from src/main/AndroidManifest.xml:26:5-69
	android:name
		ADDED from src/main/AndroidManifest.xml:26:22-66
uses-permission#android.permission.GET_TASKS
ADDED from src/main/AndroidManifest.xml:27:5-68
	android:name
		ADDED from src/main/AndroidManifest.xml:27:22-65
uses-permission#android.permission.SET_DEBUG_APP
ADDED from src/main/AndroidManifest.xml:28:5-72
	android:name
		ADDED from src/main/AndroidManifest.xml:28:22-69
uses-permission#android.permission.SYSTEM_ALERT_WINDOW
ADDED from src/main/AndroidManifest.xml:29:5-78
	android:name
		ADDED from src/main/AndroidManifest.xml:29:22-75
uses-permission#android.permission.GET_ACCOUNTS
ADDED from src/main/AndroidManifest.xml:30:5-71
	android:name
		ADDED from src/main/AndroidManifest.xml:30:22-68
uses-permission#android.permission.USE_CREDENTIALS
ADDED from src/main/AndroidManifest.xml:31:5-74
	android:name
		ADDED from src/main/AndroidManifest.xml:31:22-71
uses-permission#android.permission.MANAGE_ACCOUNTS
ADDED from src/main/AndroidManifest.xml:32:5-74
	android:name
		ADDED from src/main/AndroidManifest.xml:32:22-71
uses-permission#android.permission.RECEIVE_BOOT_COMPLETED
ADDED from src/main/AndroidManifest.xml:36:5-81
	android:name
		ADDED from src/main/AndroidManifest.xml:36:22-78
uses-permission#android.permission.BLUETOOTH
ADDED from src/main/AndroidManifest.xml:40:5-68
	android:name
		ADDED from src/main/AndroidManifest.xml:40:22-65
uses-permission#android.permission.BLUETOOTH_ADMIN
ADDED from src/main/AndroidManifest.xml:41:5-74
	android:name
		ADDED from src/main/AndroidManifest.xml:41:22-71
uses-permission#android.permission.BROADCAST_PACKAGE_ADDED
ADDED from src/main/AndroidManifest.xml:62:5-82
	android:name
		ADDED from src/main/AndroidManifest.xml:62:22-79
uses-permission#android.permission.BROADCAST_PACKAGE_CHANGED
ADDED from src/main/AndroidManifest.xml:63:5-84
	android:name
		ADDED from src/main/AndroidManifest.xml:63:22-81
uses-permission#android.permission.BROADCAST_PACKAGE_INSTALL
ADDED from src/main/AndroidManifest.xml:64:5-84
	android:name
		ADDED from src/main/AndroidManifest.xml:64:22-81
uses-permission#android.permission.BROADCAST_PACKAGE_REPLACED
ADDED from src/main/AndroidManifest.xml:65:5-85
	android:name
		ADDED from src/main/AndroidManifest.xml:65:22-82
uses-permission#android.permission.RESTART_PACKAGES
ADDED from src/main/AndroidManifest.xml:66:5-75
	android:name
		ADDED from src/main/AndroidManifest.xml:66:22-72
uses-permission#android.permission.CHANGE_NETWORK_STATE
ADDED from src/main/AndroidManifest.xml:67:5-79
	android:name
		ADDED from src/main/AndroidManifest.xml:67:22-76
uses-permission#com.meizu.flyme.push.permission.RECEIVE
ADDED from src/main/AndroidManifest.xml:79:5-79
	android:name
		ADDED from src/main/AndroidManifest.xml:79:22-76
uses-permission#com.meizu.c2dm.permission.RECEIVE
ADDED from src/main/AndroidManifest.xml:80:5-73
	android:name
		ADDED from src/main/AndroidManifest.xml:80:22-70
supports-screens
ADDED from src/main/AndroidManifest.xml:85:5-90:40
	android:largeScreens
		ADDED from src/main/AndroidManifest.xml:87:9-36
	android:smallScreens
		ADDED from src/main/AndroidManifest.xml:89:9-36
	android:normalScreens
		ADDED from src/main/AndroidManifest.xml:88:9-37
	android:xlargeScreens
		ADDED from src/main/AndroidManifest.xml:90:9-37
	android:anyDensity
		ADDED from src/main/AndroidManifest.xml:86:9-34
application
ADDED from src/main/AndroidManifest.xml:92:5-405:19
MERGED from [com.android.support:support-compat:28.0.0] AndroidManifest.xml:22:5-94
MERGED from [com.android.support:support-compat:28.0.0] AndroidManifest.xml:22:5-94
MERGED from [com.android.support:versionedparcelable:28.0.0] AndroidManifest.xml:22:5-23:19
MERGED from [com.android.support:versionedparcelable:28.0.0] AndroidManifest.xml:22:5-23:19
	android:appComponentFactory
		ADDED from [com.android.support:support-compat:28.0.0] AndroidManifest.xml:22:18-91
	android:label
		ADDED from src/main/AndroidManifest.xml:96:9-41
	android:icon
		ADDED from src/main/AndroidManifest.xml:95:9-38
	android:allowBackup
		ADDED from src/main/AndroidManifest.xml:94:9-35
	android:theme
		ADDED from src/main/AndroidManifest.xml:97:9-40
	android:networkSecurityConfig
		ADDED from src/main/AndroidManifest.xml:98:9-69
	android:name
		ADDED from src/main/AndroidManifest.xml:93:9-68
uses-library#org.apache.http.legacy
ADDED from src/main/AndroidManifest.xml:101:9-103:40
	android:required
		ADDED from src/main/AndroidManifest.xml:103:13-37
	android:name
		ADDED from src/main/AndroidManifest.xml:102:13-50
receiver#com.pmsc.weather4decision.phone.hainan.util.AutoUpdateBroadcastReceiver
ADDED from src/main/AndroidManifest.xml:106:9-111:20
	android:name
		ADDED from src/main/AndroidManifest.xml:106:19-105
intent-filter#action:name:android.intent.action.DOWNLOAD_COMPLETE+action:name:android.intent.action.PACKAGE_INSTALL
ADDED from src/main/AndroidManifest.xml:107:13-110:29
action#android.intent.action.DOWNLOAD_COMPLETE
ADDED from src/main/AndroidManifest.xml:108:17-82
	android:name
		ADDED from src/main/AndroidManifest.xml:108:25-79
action#android.intent.action.PACKAGE_INSTALL
ADDED from src/main/AndroidManifest.xml:109:18-81
	android:name
		ADDED from src/main/AndroidManifest.xml:109:26-78
meta-data#com.amap.api.v2.apikey
ADDED from src/main/AndroidManifest.xml:122:9-124:63
	android:value
		ADDED from src/main/AndroidManifest.xml:124:13-61
	android:name
		ADDED from src/main/AndroidManifest.xml:123:13-50
service#com.amap.api.location.APSService
ADDED from src/main/AndroidManifest.xml:127:9-68
	android:name
		ADDED from src/main/AndroidManifest.xml:127:18-65
meta-data#VERSIONTYPE
ADDED from src/main/AndroidManifest.xml:129:9-131:52
	android:value
		ADDED from src/main/AndroidManifest.xml:131:13-49
	android:name
		ADDED from src/main/AndroidManifest.xml:130:13-39
meta-data#WEATHER_APPKEY
ADDED from src/main/AndroidManifest.xml:132:9-134:48
	android:value
		ADDED from src/main/AndroidManifest.xml:134:13-45
	android:name
		ADDED from src/main/AndroidManifest.xml:133:13-42
meta-data#LOGLEVEL
ADDED from src/main/AndroidManifest.xml:135:9-137:34
	android:value
		ADDED from src/main/AndroidManifest.xml:137:13-31
	android:name
		ADDED from src/main/AndroidManifest.xml:136:13-36
meta-data#TTS_APPKEY
ADDED from src/main/AndroidManifest.xml:138:9-140:64
	android:value
		ADDED from src/main/AndroidManifest.xml:140:13-61
	android:name
		ADDED from src/main/AndroidManifest.xml:139:13-38
activity#com.pmsc.weather4decision.phone.hainan.act.ShawnWelcomeActivity
ADDED from src/main/AndroidManifest.xml:142:9-151:20
	android:screenOrientation
		ADDED from src/main/AndroidManifest.xml:144:13-49
	android:theme
		ADDED from src/main/AndroidManifest.xml:145:13-83
	android:name
		ADDED from src/main/AndroidManifest.xml:143:13-91
intent-filter#action:name:android.intent.action.MAIN+category:name:android.intent.category.LAUNCHER
ADDED from src/main/AndroidManifest.xml:146:13-150:29
action#android.intent.action.MAIN
ADDED from src/main/AndroidManifest.xml:147:17-69
	android:name
		ADDED from src/main/AndroidManifest.xml:147:25-66
category#android.intent.category.LAUNCHER
ADDED from src/main/AndroidManifest.xml:149:17-77
	android:name
		ADDED from src/main/AndroidManifest.xml:149:27-74
meta-data#UMENG_CHANNEL
ADDED from src/main/AndroidManifest.xml:153:9-155:50
	android:value
		ADDED from src/main/AndroidManifest.xml:155:13-47
	android:name
		ADDED from src/main/AndroidManifest.xml:154:13-41
activity#com.pmsc.weather4decision.phone.hainan.act.LoginActivity
ADDED from src/main/AndroidManifest.xml:157:9-167:20
	android:screenOrientation
		ADDED from src/main/AndroidManifest.xml:159:13-49
	android:name
		ADDED from src/main/AndroidManifest.xml:158:13-84
intent-filter#action:name:android.intent.action.MAIN
ADDED from src/main/AndroidManifest.xml:160:13-162:29
meta-data#GROUP_ID
ADDED from src/main/AndroidManifest.xml:164:13-166:38
	android:value
		ADDED from src/main/AndroidManifest.xml:166:17-35
	android:name
		ADDED from src/main/AndroidManifest.xml:165:17-40
activity#com.pmsc.weather4decision.phone.hainan.act.MainActivity
ADDED from src/main/AndroidManifest.xml:168:9-170:52
	android:screenOrientation
		ADDED from src/main/AndroidManifest.xml:170:13-49
	android:name
		ADDED from src/main/AndroidManifest.xml:169:13-83
activity#com.pmsc.weather4decision.phone.hainan.act.CityActivity
ADDED from src/main/AndroidManifest.xml:171:9-173:52
	android:screenOrientation
		ADDED from src/main/AndroidManifest.xml:173:13-49
	android:name
		ADDED from src/main/AndroidManifest.xml:172:13-83
activity#com.pmsc.weather4decision.phone.hainan.act.ProvinceActivity
ADDED from src/main/AndroidManifest.xml:174:9-176:52
	android:screenOrientation
		ADDED from src/main/AndroidManifest.xml:176:13-49
	android:name
		ADDED from src/main/AndroidManifest.xml:175:13-87
activity#com.pmsc.weather4decision.phone.hainan.act.ListNavigationActivity
ADDED from src/main/AndroidManifest.xml:177:9-179:52
	android:screenOrientation
		ADDED from src/main/AndroidManifest.xml:179:13-49
	android:name
		ADDED from src/main/AndroidManifest.xml:178:13-93
activity#com.pmsc.weather4decision.phone.hainan.act.ListNormalActivity
ADDED from src/main/AndroidManifest.xml:180:9-182:52
	android:screenOrientation
		ADDED from src/main/AndroidManifest.xml:182:13-49
	android:name
		ADDED from src/main/AndroidManifest.xml:181:13-89
activity#com.pmsc.weather4decision.phone.hainan.act.WarningDetailsActivity
ADDED from src/main/AndroidManifest.xml:183:9-186:52
	android:screenOrientation
		ADDED from src/main/AndroidManifest.xml:186:13-49
	android:exported
		ADDED from src/main/AndroidManifest.xml:185:13-36
	android:name
		ADDED from src/main/AndroidManifest.xml:184:13-93
activity#com.pmsc.weather4decision.phone.hainan.act.SettingActivity
ADDED from src/main/AndroidManifest.xml:187:9-189:52
	android:screenOrientation
		ADDED from src/main/AndroidManifest.xml:189:13-49
	android:name
		ADDED from src/main/AndroidManifest.xml:188:13-86
activity#com.pmsc.weather4decision.phone.hainan.act.AboutUsActivity
ADDED from src/main/AndroidManifest.xml:190:9-192:52
	android:screenOrientation
		ADDED from src/main/AndroidManifest.xml:192:13-49
	android:name
		ADDED from src/main/AndroidManifest.xml:191:13-86
activity#com.pmsc.weather4decision.phone.hainan.act.FeedbackActivity
ADDED from src/main/AndroidManifest.xml:193:9-195:52
	android:screenOrientation
		ADDED from src/main/AndroidManifest.xml:195:13-49
	android:name
		ADDED from src/main/AndroidManifest.xml:194:13-87
activity#com.pmsc.weather4decision.phone.hainan.act.TyphoonRouteActivity
ADDED from src/main/AndroidManifest.xml:196:9-198:52
	android:screenOrientation
		ADDED from src/main/AndroidManifest.xml:198:13-49
	android:name
		ADDED from src/main/AndroidManifest.xml:197:13-91
activity#com.pmsc.weather4decision.phone.hainan.act.ShawnRainActivity
ADDED from src/main/AndroidManifest.xml:199:9-202:52
	android:screenOrientation
		ADDED from src/main/AndroidManifest.xml:202:13-49
	android:launchMode
		ADDED from src/main/AndroidManifest.xml:201:13-44
	android:name
		ADDED from src/main/AndroidManifest.xml:200:13-88
activity#com.pmsc.weather4decision.phone.hainan.act.ShawnRainDetailActivity
ADDED from src/main/AndroidManifest.xml:203:9-205:52
	android:screenOrientation
		ADDED from src/main/AndroidManifest.xml:205:13-49
	android:name
		ADDED from src/main/AndroidManifest.xml:204:13-94
activity#com.pmsc.weather4decision.phone.hainan.act.StationMonitorDetailActivity
ADDED from src/main/AndroidManifest.xml:206:9-208:52
	android:screenOrientation
		ADDED from src/main/AndroidManifest.xml:208:13-49
	android:name
		ADDED from src/main/AndroidManifest.xml:207:13-99
activity#com.pmsc.weather4decision.phone.hainan.act.ForecastActivity
ADDED from src/main/AndroidManifest.xml:209:9-211:52
	android:screenOrientation
		ADDED from src/main/AndroidManifest.xml:211:13-49
	android:name
		ADDED from src/main/AndroidManifest.xml:210:13-87
activity#com.pmsc.weather4decision.phone.hainan.act.StaticsActivity
ADDED from src/main/AndroidManifest.xml:212:9-214:52
	android:screenOrientation
		ADDED from src/main/AndroidManifest.xml:214:13-49
	android:name
		ADDED from src/main/AndroidManifest.xml:213:13-86
activity#com.pmsc.weather4decision.phone.hainan.act.PushNewsActivity
ADDED from src/main/AndroidManifest.xml:215:9-217:52
	android:screenOrientation
		ADDED from src/main/AndroidManifest.xml:217:13-49
	android:name
		ADDED from src/main/AndroidManifest.xml:216:13-87
activity#com.pmsc.weather4decision.phone.hainan.act.ShawnPDFActivity
ADDED from src/main/AndroidManifest.xml:219:9-221:52
	android:screenOrientation
		ADDED from src/main/AndroidManifest.xml:221:13-49
	android:name
		ADDED from src/main/AndroidManifest.xml:220:13-87
activity#com.tencent.tauth.AuthActivity
ADDED from src/main/AndroidManifest.xml:224:9-236:20
	android:launchMode
		ADDED from src/main/AndroidManifest.xml:226:13-44
	android:noHistory
		ADDED from src/main/AndroidManifest.xml:227:13-37
	android:name
		ADDED from src/main/AndroidManifest.xml:225:13-58
intent-filter#action:name:android.intent.action.VIEW+category:name:android.intent.category.BROWSABLE+category:name:android.intent.category.DEFAULT+data:scheme:tencent1107769691
ADDED from src/main/AndroidManifest.xml:228:13-235:29
action#android.intent.action.VIEW
ADDED from src/main/AndroidManifest.xml:229:17-69
	android:name
		ADDED from src/main/AndroidManifest.xml:229:25-66
category#android.intent.category.DEFAULT
ADDED from src/main/AndroidManifest.xml:231:17-76
	android:name
		ADDED from src/main/AndroidManifest.xml:231:27-73
category#android.intent.category.BROWSABLE
ADDED from src/main/AndroidManifest.xml:232:17-78
	android:name
		ADDED from src/main/AndroidManifest.xml:232:27-75
data
ADDED from src/main/AndroidManifest.xml:234:17-60
	android:scheme
		ADDED from src/main/AndroidManifest.xml:234:23-57
activity#com.tencent.connect.common.AssistActivity
ADDED from src/main/AndroidManifest.xml:237:9-240:76
	android:configChanges
		ADDED from src/main/AndroidManifest.xml:240:13-74
	android:theme
		ADDED from src/main/AndroidManifest.xml:239:13-72
	android:name
		ADDED from src/main/AndroidManifest.xml:238:13-69
activity#com.pmsc.weather4decision.phone.hainan.wxapi.WXEntryActivity
ADDED from src/main/AndroidManifest.xml:242:9-246:75
	android:exported
		ADDED from src/main/AndroidManifest.xml:245:13-36
	android:configChanges
		ADDED from src/main/AndroidManifest.xml:244:13-74
	android:theme
		ADDED from src/main/AndroidManifest.xml:246:13-72
	android:name
		ADDED from src/main/AndroidManifest.xml:243:13-50
service#com.igexin.sdk.PushService
ADDED from src/main/AndroidManifest.xml:264:9-272:19
	android:process
		ADDED from src/main/AndroidManifest.xml:268:13-43
	android:label
		ADDED from src/main/AndroidManifest.xml:267:13-47
	android:exported
		ADDED from src/main/AndroidManifest.xml:266:13-36
	android:name
		ADDED from src/main/AndroidManifest.xml:265:13-54
intent-filter#action:name:com.igexin.sdk.action.service.message
ADDED from src/main/AndroidManifest.xml:269:13-271:29
action#com.igexin.sdk.action.service.message
ADDED from src/main/AndroidManifest.xml:270:17-79
	android:name
		ADDED from src/main/AndroidManifest.xml:270:25-77
receiver#com.igexin.sdk.PushReceiver
ADDED from src/main/AndroidManifest.xml:274:9-285:20
	android:name
		ADDED from src/main/AndroidManifest.xml:274:19-61
intent-filter#action:name:android.intent.action.ACTION_POWER_CONNECTED+action:name:android.intent.action.ACTION_POWER_DISCONNECTED+action:name:android.intent.action.BOOT_COMPLETED+action:name:android.intent.action.MEDIA_MOUNTED+action:name:android.intent.action.USER_PRESENT+action:name:android.net.conn.CONNECTIVITY_CHANGE+action:name:com.igexin.sdk.action.refreshls
ADDED from src/main/AndroidManifest.xml:275:13-284:29
action#android.intent.action.BOOT_COMPLETED
ADDED from src/main/AndroidManifest.xml:276:17-79
	android:name
		ADDED from src/main/AndroidManifest.xml:276:25-76
action#android.net.conn.CONNECTIVITY_CHANGE
ADDED from src/main/AndroidManifest.xml:277:17-79
	android:name
		ADDED from src/main/AndroidManifest.xml:277:25-76
action#android.intent.action.USER_PRESENT
ADDED from src/main/AndroidManifest.xml:278:17-77
	android:name
		ADDED from src/main/AndroidManifest.xml:278:25-74
action#com.igexin.sdk.action.refreshls
ADDED from src/main/AndroidManifest.xml:279:17-74
	android:name
		ADDED from src/main/AndroidManifest.xml:279:25-71
action#android.intent.action.MEDIA_MOUNTED
ADDED from src/main/AndroidManifest.xml:281:17-78
	android:name
		ADDED from src/main/AndroidManifest.xml:281:25-75
action#android.intent.action.ACTION_POWER_CONNECTED
ADDED from src/main/AndroidManifest.xml:282:17-87
	android:name
		ADDED from src/main/AndroidManifest.xml:282:25-84
action#android.intent.action.ACTION_POWER_DISCONNECTED
ADDED from src/main/AndroidManifest.xml:283:17-90
	android:name
		ADDED from src/main/AndroidManifest.xml:283:25-87
activity#com.igexin.sdk.PushActivity
ADDED from src/main/AndroidManifest.xml:287:9-294:20
	android:process
		ADDED from src/main/AndroidManifest.xml:291:13-43
	android:excludeFromRecents
		ADDED from src/main/AndroidManifest.xml:289:13-46
	android:exported
		ADDED from src/main/AndroidManifest.xml:290:13-37
	android:theme
		ADDED from src/main/AndroidManifest.xml:293:13-72
	android:taskAffinity
		ADDED from src/main/AndroidManifest.xml:292:13-67
	android:name
		ADDED from src/main/AndroidManifest.xml:288:13-55
activity#com.igexin.sdk.GActivity
ADDED from src/main/AndroidManifest.xml:296:9-302:74
	android:process
		ADDED from src/main/AndroidManifest.xml:300:13-43
	android:excludeFromRecents
		ADDED from src/main/AndroidManifest.xml:298:13-46
	android:exported
		ADDED from src/main/AndroidManifest.xml:299:13-36
	android:theme
		ADDED from src/main/AndroidManifest.xml:302:13-72
	android:taskAffinity
		ADDED from src/main/AndroidManifest.xml:301:13-67
	android:name
		ADDED from src/main/AndroidManifest.xml:297:13-52
service#com.pmsc.weather4decision.phone.hainan.service.DemoIntentService
ADDED from src/main/AndroidManifest.xml:305:9-99
	android:name
		ADDED from src/main/AndroidManifest.xml:305:18-97
service#com.pmsc.weather4decision.phone.hainan.service.DemoPushService
ADDED from src/main/AndroidManifest.xml:308:9-312:46
	android:process
		ADDED from src/main/AndroidManifest.xml:312:13-43
	android:label
		ADDED from src/main/AndroidManifest.xml:311:13-40
	android:exported
		ADDED from src/main/AndroidManifest.xml:310:13-36
	android:name
		ADDED from src/main/AndroidManifest.xml:309:13-90
receiver#com.igexin.sdk.HmsPushReceiver
ADDED from src/main/AndroidManifest.xml:320:9-332:20
	android:process
		ADDED from src/main/AndroidManifest.xml:322:13-43
	android:name
		ADDED from src/main/AndroidManifest.xml:321:13-58
intent-filter#action:name:com.huawei.android.push.intent.CLICK+action:name:com.huawei.android.push.intent.RECEIVE+action:name:com.huawei.android.push.intent.REGISTRATION+action:name:com.huawei.intent.action.PUSH_STATE
ADDED from src/main/AndroidManifest.xml:323:13-328:29
action#com.huawei.android.push.intent.REGISTRATION